<?xml version="1.0" encoding="UTF-8"?>
<!-- Generated by org.testng.reporters.JUnitReportReporter -->
<testsuite skipped="0" hostname="vvbcf-PC" name="scripts.Sample" tests="1" failures="0" timestamp="13 Jul 2017 16:42:55 GMT" time="11.573" errors="0">
  <testcase name="loginPage" time="11.573" classname="scripts.Sample"/>
</testsuite> <!-- scripts.Sample -->
